# JRE version: OpenJDK Runtime Environment Temurin-21.0.6+7 (21.0.6+7) (build 21.0.6+7-LTS)
# Java VM: OpenJDK 64-Bit Server VM Temurin-21.0.6+7 (21.0.6+7-LTS, mixed mode, sharing, tiered, compressed oops, compressed class ptrs, parallel gc, windows-amd64)
GC Precious Log:
 CardTable entry size: 512
 CPUs: 12 total, 12 available
 Memory: 7875M
 Large Page Support: Disabled
 NUMA Support: Disabled
 Compressed Oops: Enabled (32-bit)
 Alignments: Space 512K, Generation 512K, Heap 2M
 Heap Min Capacity: 100M
 Heap Initial Capacity: 100M
 Heap Max Capacity: 1G
 Pre-touch: Disabled
 Parallel Workers: 10
Heap:
 PSYoungGen      total 8704K, used 6585K [0x00000000eab00000, 0x00000000eb500000, 0x0000000100000000)
  eden space 6656K, 89% used [0x00000000eab00000,0x00000000eb0d6648,0x00000000eb180000)
  from space 2048K, 29% used [0x00000000eb300000,0x00000000eb398000,0x00000000eb500000)
  to   space 1536K, 0% used [0x00000000eb180000,0x00000000eb180000,0x00000000eb300000)
 ParOldGen       total 658944K, used 658616K [0x00000000c0000000, 0x00000000e8380000, 0x00000000eab00000)
  object space 658944K, 99% used [0x00000000c0000000,0x00000000e832e3b0,0x00000000e8380000)
 Metaspace       used 63248K, committed 64768K, reserved 1114112K
  class space    used 6402K, committed 7040K, reserved 1048576K
GC Heap History (20 events):
Event: 60.378 GC heap after
{Heap after GC invocations=959 (full 3):
 PSYoungGen      total 10240K, used 606K [0x00000000eab00000, 0x00000000eb600000, 0x0000000100000000)
  eden space 9216K, 0% used [0x00000000eab00000,0x00000000eab00000,0x00000000eb400000)
  from space 1024K, 59% used [0x00000000eb500000,0x00000000eb597a98,0x00000000eb600000)
  to   space 1024K, 0% used [0x00000000eb400000,0x00000000eb400000,0x00000000eb500000)
 ParOldGen       total 651264K, used 651093K [0x00000000c0000000, 0x00000000e7c00000, 0x00000000eab00000)
  object space 651264K, 99% used [0x00000000c0000000,0x00000000e7bd56e0,0x00000000e7c00000)
 Metaspace       used 62889K, committed 64320K, reserved 1114112K
  class space    used 6386K, committed 6976K, reserved 1048576K
}
Event: 60.405 GC heap before
{Heap before GC invocations=960 (full 3):
 PSYoungGen      total 10240K, used 9822K [0x00000000eab00000, 0x00000000eb600000, 0x0000000100000000)
  eden space 9216K, 100% used [0x00000000eab00000,0x00000000eb400000,0x00000000eb400000)
  from space 1024K, 59% used [0x00000000eb500000,0x00000000eb597a98,0x00000000eb600000)
  to   space 1024K, 0% used [0x00000000eb400000,0x00000000eb400000,0x00000000eb500000)
 ParOldGen       total 651264K, used 651093K [0x00000000c0000000, 0x00000000e7c00000, 0x00000000eab00000)
  object space 651264K, 99% used [0x00000000c0000000,0x00000000e7bd56e0,0x00000000e7c00000)
 Metaspace       used 62893K, committed 64320K, reserved 1114112K
  class space    used 6386K, committed 6976K, reserved 1048576K
}
Event: 60.406 GC heap after
{Heap after GC invocations=960 (full 3):
 PSYoungGen      total 10240K, used 744K [0x00000000eab00000, 0x00000000eb600000, 0x0000000100000000)
  eden space 9216K, 0% used [0x00000000eab00000,0x00000000eab00000,0x00000000eb400000)
  from space 1024K, 72% used [0x00000000eb400000,0x00000000eb4ba030,0x00000000eb500000)
  to   space 1024K, 0% used [0x00000000eb500000,0x00000000eb500000,0x00000000eb600000)
 ParOldGen       total 651776K, used 651543K [0x00000000c0000000, 0x00000000e7c80000, 0x00000000eab00000)
  object space 651776K, 99% used [0x00000000c0000000,0x00000000e7c45fc0,0x00000000e7c80000)
 Metaspace       used 62893K, committed 64320K, reserved 1114112K
  class space    used 6386K, committed 6976K, reserved 1048576K
}
Event: 60.422 GC heap before
{Heap before GC invocations=961 (full 3):
 PSYoungGen      total 10240K, used 9960K [0x00000000eab00000, 0x00000000eb600000, 0x0000000100000000)
  eden space 9216K, 100% used [0x00000000eab00000,0x00000000eb400000,0x00000000eb400000)
  from space 1024K, 72% used [0x00000000eb400000,0x00000000eb4ba030,0x00000000eb500000)
  to   space 1024K, 0% used [0x00000000eb500000,0x00000000eb500000,0x00000000eb600000)
 ParOldGen       total 651776K, used 651543K [0x00000000c0000000, 0x00000000e7c80000, 0x00000000eab00000)
  object space 651776K, 99% used [0x00000000c0000000,0x00000000e7c45fc0,0x00000000e7c80000)
 Metaspace       used 62893K, committed 64320K, reserved 1114112K
  class space    used 6386K, committed 6976K, reserved 1048576K
}
Event: 60.424 GC heap after
{Heap after GC invocations=961 (full 3):
 PSYoungGen      total 9216K, used 992K [0x00000000eab00000, 0x00000000eb800000, 0x0000000100000000)
  eden space 8192K, 0% used [0x00000000eab00000,0x00000000eab00000,0x00000000eb300000)
  from space 1024K, 96% used [0x00000000eb500000,0x00000000eb5f8088,0x00000000eb600000)
  to   space 2048K, 0% used [0x00000000eb300000,0x00000000eb300000,0x00000000eb500000)
 ParOldGen       total 652288K, used 652261K [0x00000000c0000000, 0x00000000e7d00000, 0x00000000eab00000)
  object space 652288K, 99% used [0x00000000c0000000,0x00000000e7cf9518,0x00000000e7d00000)
 Metaspace       used 62893K, committed 64320K, reserved 1114112K
  class space    used 6386K, committed 6976K, reserved 1048576K
}
Event: 60.430 GC heap before
{Heap before GC invocations=962 (full 3):
 PSYoungGen      total 9216K, used 9184K [0x00000000eab00000, 0x00000000eb800000, 0x0000000100000000)
  eden space 8192K, 100% used [0x00000000eab00000,0x00000000eb300000,0x00000000eb300000)
  from space 1024K, 96% used [0x00000000eb500000,0x00000000eb5f8088,0x00000000eb600000)
  to   space 2048K, 0% used [0x00000000eb300000,0x00000000eb300000,0x00000000eb500000)
 ParOldGen       total 652288K, used 652261K [0x00000000c0000000, 0x00000000e7d00000, 0x00000000eab00000)
  object space 652288K, 99% used [0x00000000c0000000,0x00000000e7cf9518,0x00000000e7d00000)
 Metaspace       used 62893K, committed 64320K, reserved 1114112K
  class space    used 6386K, committed 6976K, reserved 1048576K
}
Event: 60.432 GC heap after
{Heap after GC invocations=962 (full 3):
 PSYoungGen      total 8704K, used 512K [0x00000000eab00000, 0x00000000eb580000, 0x0000000100000000)
  eden space 8192K, 0% used [0x00000000eab00000,0x00000000eab00000,0x00000000eb300000)
  from space 512K, 100% used [0x00000000eb300000,0x00000000eb380000,0x00000000eb380000)
  to   space 1024K, 0% used [0x00000000eb480000,0x00000000eb480000,0x00000000eb580000)
 ParOldGen       total 653824K, used 653232K [0x00000000c0000000, 0x00000000e7e80000, 0x00000000eab00000)
  object space 653824K, 99% used [0x00000000c0000000,0x00000000e7dec1b0,0x00000000e7e80000)
 Metaspace       used 62893K, committed 64320K, reserved 1114112K
  class space    used 6386K, committed 6976K, reserved 1048576K
}
Event: 60.438 GC heap before
{Heap before GC invocations=963 (full 3):
 PSYoungGen      total 8704K, used 8704K [0x00000000eab00000, 0x00000000eb580000, 0x0000000100000000)
  eden space 8192K, 100% used [0x00000000eab00000,0x00000000eb300000,0x00000000eb300000)
  from space 512K, 100% used [0x00000000eb300000,0x00000000eb380000,0x00000000eb380000)
  to   space 1024K, 0% used [0x00000000eb480000,0x00000000eb480000,0x00000000eb580000)
 ParOldGen       total 653824K, used 653232K [0x00000000c0000000, 0x00000000e7e80000, 0x00000000eab00000)
  object space 653824K, 99% used [0x00000000c0000000,0x00000000e7dec1b0,0x00000000e7e80000)
 Metaspace       used 62893K, committed 64320K, reserved 1114112K
  class space    used 6386K, committed 6976K, reserved 1048576K
}
Event: 60.439 GC heap after
{Heap after GC invocations=963 (full 3):
 PSYoungGen      total 8704K, used 320K [0x00000000eab00000, 0x00000000eb500000, 0x0000000100000000)
  eden space 8192K, 0% used [0x00000000eab00000,0x00000000eab00000,0x00000000eb300000)
  from space 512K, 62% used [0x00000000eb480000,0x00000000eb4d0000,0x00000000eb500000)
  to   space 512K, 0% used [0x00000000eb300000,0x00000000eb300000,0x00000000eb380000)
 ParOldGen       total 653824K, used 653616K [0x00000000c0000000, 0x00000000e7e80000, 0x00000000eab00000)
  object space 653824K, 99% used [0x00000000c0000000,0x00000000e7e4c1c0,0x00000000e7e80000)
 Metaspace       used 62893K, committed 64320K, reserved 1114112K
  class space    used 6386K, committed 6976K, reserved 1048576K
}
Event: 60.445 GC heap before
{Heap before GC invocations=964 (full 3):
 PSYoungGen      total 8704K, used 8512K [0x00000000eab00000, 0x00000000eb500000, 0x0000000100000000)
  eden space 8192K, 100% used [0x00000000eab00000,0x00000000eb300000,0x00000000eb300000)
  from space 512K, 62% used [0x00000000eb480000,0x00000000eb4d0000,0x00000000eb500000)
  to   space 512K, 0% used [0x00000000eb300000,0x00000000eb300000,0x00000000eb380000)
 ParOldGen       total 653824K, used 653616K [0x00000000c0000000, 0x00000000e7e80000, 0x00000000eab00000)
  object space 653824K, 99% used [0x00000000c0000000,0x00000000e7e4c1c0,0x00000000e7e80000)
 Metaspace       used 62893K, committed 64320K, reserved 1114112K
  class space    used 6386K, committed 6976K, reserved 1048576K
}
Event: 60.447 GC heap after
{Heap after GC invocations=964 (full 3):
 PSYoungGen      total 8704K, used 288K [0x00000000eab00000, 0x00000000eb500000, 0x0000000100000000)
  eden space 8192K, 0% used [0x00000000eab00000,0x00000000eab00000,0x00000000eb300000)
  from space 512K, 56% used [0x00000000eb300000,0x00000000eb348000,0x00000000eb380000)
  to   space 512K, 0% used [0x00000000eb480000,0x00000000eb480000,0x00000000eb500000)
 ParOldGen       total 653824K, used 653792K [0x00000000c0000000, 0x00000000e7e80000, 0x00000000eab00000)
  object space 653824K, 99% used [0x00000000c0000000,0x00000000e7e781c0,0x00000000e7e80000)
 Metaspace       used 62893K, committed 64320K, reserved 1114112K
  class space    used 6386K, committed 6976K, reserved 1048576K
}
Event: 60.476 GC heap before
{Heap before GC invocations=965 (full 3):
 PSYoungGen      total 8704K, used 8480K [0x00000000eab00000, 0x00000000eb500000, 0x0000000100000000)
  eden space 8192K, 100% used [0x00000000eab00000,0x00000000eb300000,0x00000000eb300000)
  from space 512K, 56% used [0x00000000eb300000,0x00000000eb348000,0x00000000eb380000)
  to   space 512K, 0% used [0x00000000eb480000,0x00000000eb480000,0x00000000eb500000)
 ParOldGen       total 653824K, used 653792K [0x00000000c0000000, 0x00000000e7e80000, 0x00000000eab00000)
  object space 653824K, 99% used [0x00000000c0000000,0x00000000e7e781c0,0x00000000e7e80000)
 Metaspace       used 62893K, committed 64320K, reserved 1114112K
  class space    used 6386K, committed 6976K, reserved 1048576K
}
Event: 60.478 GC heap after
{Heap after GC invocations=965 (full 3):
 PSYoungGen      total 8704K, used 508K [0x00000000eab00000, 0x00000000eb500000, 0x0000000100000000)
  eden space 8192K, 0% used [0x00000000eab00000,0x00000000eab00000,0x00000000eb300000)
  from space 512K, 99% used [0x00000000eb480000,0x00000000eb4ff000,0x00000000eb500000)
  to   space 1024K, 0% used [0x00000000eb300000,0x00000000eb300000,0x00000000eb400000)
 ParOldGen       total 654336K, used 654000K [0x00000000c0000000, 0x00000000e7f00000, 0x00000000eab00000)
  object space 654336K, 99% used [0x00000000c0000000,0x00000000e7eac1c0,0x00000000e7f00000)
 Metaspace       used 62893K, committed 64320K, reserved 1114112K
  class space    used 6386K, committed 6976K, reserved 1048576K
}
Event: 60.572 GC heap before
{Heap before GC invocations=966 (full 3):
 PSYoungGen      total 8704K, used 8700K [0x00000000eab00000, 0x00000000eb500000, 0x0000000100000000)
  eden space 8192K, 100% used [0x00000000eab00000,0x00000000eb300000,0x00000000eb300000)
  from space 512K, 99% used [0x00000000eb480000,0x00000000eb4ff000,0x00000000eb500000)
  to   space 1024K, 0% used [0x00000000eb300000,0x00000000eb300000,0x00000000eb400000)
 ParOldGen       total 654336K, used 654000K [0x00000000c0000000, 0x00000000e7f00000, 0x00000000eab00000)
  object space 654336K, 99% used [0x00000000c0000000,0x00000000e7eac1c0,0x00000000e7f00000)
 Metaspace       used 62992K, committed 64448K, reserved 1114112K
  class space    used 6399K, committed 7040K, reserved 1048576K
}
Event: 60.574 GC heap after
{Heap after GC invocations=966 (full 3):
 PSYoungGen      total 9216K, used 1005K [0x00000000eab00000, 0x00000000eb700000, 0x0000000100000000)
  eden space 8192K, 0% used [0x00000000eab00000,0x00000000eab00000,0x00000000eb300000)
  from space 1024K, 98% used [0x00000000eb300000,0x00000000eb3fb610,0x00000000eb400000)
  to   space 2048K, 0% used [0x00000000eb500000,0x00000000eb500000,0x00000000eb700000)
 ParOldGen       total 654848K, used 654741K [0x00000000c0000000, 0x00000000e7f80000, 0x00000000eab00000)
  object space 654848K, 99% used [0x00000000c0000000,0x00000000e7f654d0,0x00000000e7f80000)
 Metaspace       used 62992K, committed 64448K, reserved 1114112K
  class space    used 6399K, committed 7040K, reserved 1048576K
}
Event: 60.664 GC heap before
{Heap before GC invocations=967 (full 3):
 PSYoungGen      total 9216K, used 9197K [0x00000000eab00000, 0x00000000eb700000, 0x0000000100000000)
  eden space 8192K, 100% used [0x00000000eab00000,0x00000000eb300000,0x00000000eb300000)
  from space 1024K, 98% used [0x00000000eb300000,0x00000000eb3fb610,0x00000000eb400000)
  to   space 2048K, 0% used [0x00000000eb500000,0x00000000eb500000,0x00000000eb700000)
 ParOldGen       total 654848K, used 654741K [0x00000000c0000000, 0x00000000e7f80000, 0x00000000eab00000)
  object space 654848K, 99% used [0x00000000c0000000,0x00000000e7f654d0,0x00000000e7f80000)
 Metaspace       used 63066K, committed 64512K, reserved 1114112K
  class space    used 6399K, committed 7040K, reserved 1048576K
}
Event: 60.668 GC heap after
{Heap after GC invocations=967 (full 3):
 PSYoungGen      total 7680K, used 2040K [0x00000000eab00000, 0x00000000ebc00000, 0x0000000100000000)
  eden space 5632K, 0% used [0x00000000eab00000,0x00000000eab00000,0x00000000eb080000)
  from space 2048K, 99% used [0x00000000eb500000,0x00000000eb6fe110,0x00000000eb700000)
  to   space 4608K, 0% used [0x00000000eb080000,0x00000000eb080000,0x00000000eb500000)
 ParOldGen       total 656896K, used 656494K [0x00000000c0000000, 0x00000000e8180000, 0x00000000eab00000)
  object space 656896K, 99% used [0x00000000c0000000,0x00000000e811b8b8,0x00000000e8180000)
 Metaspace       used 63066K, committed 64512K, reserved 1114112K
  class space    used 6399K, committed 7040K, reserved 1048576K
}
Event: 60.714 GC heap before
{Heap before GC invocations=968 (full 3):
 PSYoungGen      total 7680K, used 7672K [0x00000000eab00000, 0x00000000ebc00000, 0x0000000100000000)
  eden space 5632K, 100% used [0x00000000eab00000,0x00000000eb080000,0x00000000eb080000)
  from space 2048K, 99% used [0x00000000eb500000,0x00000000eb6fe110,0x00000000eb700000)
  to   space 4608K, 0% used [0x00000000eb080000,0x00000000eb080000,0x00000000eb500000)
 ParOldGen       total 656896K, used 656494K [0x00000000c0000000, 0x00000000e8180000, 0x00000000eab00000)
  object space 656896K, 99% used [0x00000000c0000000,0x00000000e811b8b8,0x00000000e8180000)
 Metaspace       used 63143K, committed 64640K, reserved 1114112K
  class space    used 6402K, committed 7040K, reserved 1048576K
}
Event: 60.717 GC heap after
{Heap after GC invocations=968 (full 3):
 PSYoungGen      total 7680K, used 1792K [0x00000000eab00000, 0x00000000eb580000, 0x0000000100000000)
  eden space 5632K, 0% used [0x00000000eab00000,0x00000000eab00000,0x00000000eb080000)
  from space 2048K, 87% used [0x00000000eb080000,0x00000000eb240010,0x00000000eb280000)
  to   space 2560K, 0% used [0x00000000eb300000,0x00000000eb300000,0x00000000eb580000)
 ParOldGen       total 658432K, used 658298K [0x00000000c0000000, 0x00000000e8300000, 0x00000000eab00000)
  object space 658432K, 99% used [0x00000000c0000000,0x00000000e82de8a8,0x00000000e8300000)
 Metaspace       used 63143K, committed 64640K, reserved 1114112K
  class space    used 6402K, committed 7040K, reserved 1048576K
}
Event: 60.837 GC heap before
{Heap before GC invocations=969 (full 3):
 PSYoungGen      total 7680K, used 7424K [0x00000000eab00000, 0x00000000eb580000, 0x0000000100000000)
  eden space 5632K, 100% used [0x00000000eab00000,0x00000000eb080000,0x00000000eb080000)
  from space 2048K, 87% used [0x00000000eb080000,0x00000000eb240010,0x00000000eb280000)
  to   space 2560K, 0% used [0x00000000eb300000,0x00000000eb300000,0x00000000eb580000)
 ParOldGen       total 658432K, used 658298K [0x00000000c0000000, 0x00000000e8300000, 0x00000000eab00000)
  object space 658432K, 99% used [0x00000000c0000000,0x00000000e82de8a8,0x00000000e8300000)
 Metaspace       used 63220K, committed 64704K, reserved 1114112K
  class space    used 6402K, committed 7040K, reserved 1048576K
}

