# JRE version: Java(TM) SE Runtime Environment (21.0.6+8) (build 21.0.6+8-LTS-188)
# Java VM: Java HotSpot(TM) 64-Bit Server VM (21.0.6+8-LTS-188, mixed mode, sharing, tiered, compressed oops, compressed class ptrs, g1 gc, windows-amd64)
GC Precious Log:
 CardTable entry size: 512
 Card Set container configuration: InlinePtr #cards 5 size 8 Array Of Cards #cards 12 size 40 Howl #buckets 4 coarsen threshold 1843 Howl Bitmap #cards 512 size 80 coarsen threshold 460 Card regions per heap region 1 cards per card region 2048
 CPUs: 12 total, 12 available
 Memory: 7875M
 Large Page Support: Disabled
 NUMA Support: Disabled
 Compressed Oops: Enabled (32-bit)
 Heap Region Size: 1M
 Heap Min Capacity: 8M
 Heap Initial Capacity: 124M
 Heap Max Capacity: 1970M
 Pre-touch: Disabled
 Parallel Workers: 10
 Concurrent Workers: 3
 Concurrent Refinement Workers: 10
 Periodic GC: Disabled
Heap:
 garbage-first heap   total 176128K, used 82944K [0x0000000084e00000, 0x0000000100000000)
  region size 1024K, 15 young (15360K), 4 survivors (4096K)
 Metaspace       used 32630K, committed 33088K, reserved 1114112K
  class space    used 3568K, committed 3776K, reserved 1048576K
GC Heap History (18 events):
Event: 0.346 GC heap before
{Heap before GC invocations=0 (full 0):
 garbage-first heap   total 126976K, used 23552K [0x0000000084e00000, 0x0000000100000000)
  region size 1024K, 23 young (23552K), 0 survivors (0K)
 Metaspace       used 5642K, committed 5824K, reserved 1114112K
  class space    used 654K, committed 768K, reserved 1048576K
}
Event: 0.350 GC heap after
{Heap after GC invocations=1 (full 0):
 garbage-first heap   total 126976K, used 3800K [0x0000000084e00000, 0x0000000100000000)
  region size 1024K, 3 young (3072K), 3 survivors (3072K)
 Metaspace       used 5642K, committed 5824K, reserved 1114112K
  class space    used 654K, committed 768K, reserved 1048576K
}
Event: 0.773 GC heap before
{Heap before GC invocations=1 (full 0):
 garbage-first heap   total 126976K, used 34520K [0x0000000084e00000, 0x0000000100000000)
  region size 1024K, 34 young (34816K), 3 survivors (3072K)
 Metaspace       used 9877K, committed 10112K, reserved 1114112K
  class space    used 1162K, committed 1280K, reserved 1048576K
}
Event: 0.778 GC heap after
{Heap after GC invocations=2 (full 0):
 garbage-first heap   total 126976K, used 5698K [0x0000000084e00000, 0x0000000100000000)
  region size 1024K, 2 young (2048K), 2 survivors (2048K)
 Metaspace       used 9877K, committed 10112K, reserved 1114112K
  class space    used 1162K, committed 1280K, reserved 1048576K
}
Event: 1.693 GC heap before
{Heap before GC invocations=2 (full 0):
 garbage-first heap   total 126976K, used 79426K [0x0000000084e00000, 0x0000000100000000)
  region size 1024K, 74 young (75776K), 2 survivors (2048K)
 Metaspace       used 15965K, committed 16256K, reserved 1114112K
  class space    used 1852K, committed 1984K, reserved 1048576K
}
Event: 1.704 GC heap after
{Heap after GC invocations=3 (full 0):
 garbage-first heap   total 126976K, used 14744K [0x0000000084e00000, 0x0000000100000000)
  region size 1024K, 10 young (10240K), 10 survivors (10240K)
 Metaspace       used 15965K, committed 16256K, reserved 1114112K
  class space    used 1852K, committed 1984K, reserved 1048576K
}
Event: 2.591 GC heap before
{Heap before GC invocations=3 (full 0):
 garbage-first heap   total 126976K, used 80280K [0x0000000084e00000, 0x0000000100000000)
  region size 1024K, 74 young (75776K), 10 survivors (10240K)
 Metaspace       used 17424K, committed 17728K, reserved 1114112K
  class space    used 1977K, committed 2112K, reserved 1048576K
}
Event: 2.603 GC heap after
{Heap after GC invocations=4 (full 0):
 garbage-first heap   total 126976K, used 18432K [0x0000000084e00000, 0x0000000100000000)
  region size 1024K, 4 young (4096K), 4 survivors (4096K)
 Metaspace       used 17424K, committed 17728K, reserved 1114112K
  class space    used 1977K, committed 2112K, reserved 1048576K
}
Event: 3.151 GC heap before
{Heap before GC invocations=4 (full 0):
 garbage-first heap   total 126976K, used 68608K [0x0000000084e00000, 0x0000000100000000)
  region size 1024K, 46 young (47104K), 4 survivors (4096K)
 Metaspace       used 21212K, committed 21504K, reserved 1114112K
  class space    used 2370K, committed 2496K, reserved 1048576K
}
Event: 3.158 GC heap after
{Heap after GC invocations=5 (full 0):
 garbage-first heap   total 152576K, used 29696K [0x0000000084e00000, 0x0000000100000000)
  region size 1024K, 9 young (9216K), 9 survivors (9216K)
 Metaspace       used 21212K, committed 21504K, reserved 1114112K
  class space    used 2370K, committed 2496K, reserved 1048576K
}
Event: 3.996 GC heap before
{Heap before GC invocations=6 (full 0):
 garbage-first heap   total 106496K, used 105472K [0x0000000084e00000, 0x0000000100000000)
  region size 1024K, 78 young (79872K), 9 survivors (9216K)
 Metaspace       used 28170K, committed 28544K, reserved 1114112K
  class space    used 3155K, committed 3328K, reserved 1048576K
}
Event: 4.024 GC heap after
{Heap after GC invocations=7 (full 0):
 garbage-first heap   total 134144K, used 49280K [0x0000000084e00000, 0x0000000100000000)
  region size 1024K, 12 young (12288K), 12 survivors (12288K)
 Metaspace       used 28170K, committed 28544K, reserved 1114112K
  class space    used 3155K, committed 3328K, reserved 1048576K
}
Event: 4.649 GC heap before
{Heap before GC invocations=7 (full 0):
 garbage-first heap   total 134144K, used 119936K [0x0000000084e00000, 0x0000000100000000)
  region size 1024K, 69 young (70656K), 12 survivors (12288K)
 Metaspace       used 29489K, committed 29888K, reserved 1114112K
  class space    used 3300K, committed 3456K, reserved 1048576K
}
Event: 4.662 GC heap after
{Heap after GC invocations=8 (full 0):
 garbage-first heap   total 142336K, used 62976K [0x0000000084e00000, 0x0000000100000000)
  region size 1024K, 9 young (9216K), 9 survivors (9216K)
 Metaspace       used 29489K, committed 29888K, reserved 1114112K
  class space    used 3300K, committed 3456K, reserved 1048576K
}
Event: 4.880 GC heap before
{Heap before GC invocations=8 (full 0):
 garbage-first heap   total 142336K, used 113152K [0x0000000084e00000, 0x0000000100000000)
  region size 1024K, 57 young (58368K), 9 survivors (9216K)
 Metaspace       used 29559K, committed 29952K, reserved 1114112K
  class space    used 3300K, committed 3456K, reserved 1048576K
}
Event: 4.889 GC heap after
{Heap after GC invocations=9 (full 0):
 garbage-first heap   total 142336K, used 76800K [0x0000000084e00000, 0x0000000100000000)
  region size 1024K, 8 young (8192K), 8 survivors (8192K)
 Metaspace       used 29559K, committed 29952K, reserved 1114112K
  class space    used 3300K, committed 3456K, reserved 1048576K
}
Event: 5.378 GC heap before
{Heap before GC invocations=9 (full 0):
 garbage-first heap   total 142336K, used 115712K [0x0000000084e00000, 0x0000000100000000)
  region size 1024K, 46 young (47104K), 8 survivors (8192K)
 Metaspace       used 31359K, committed 31872K, reserved 1114112K
  class space    used 3425K, committed 3648K, reserved 1048576K
}
Event: 5.385 GC heap after
{Heap after GC invocations=10 (full 0):
 garbage-first heap   total 176128K, used 74752K [0x0000000084e00000, 0x0000000100000000)
  region size 1024K, 4 young (4096K), 4 survivors (4096K)
 Metaspace       used 31359K, committed 31872K, reserved 1114112K
  class space    used 3425K, committed 3648K, reserved 1048576K
}

