# JRE version: Java(TM) SE Runtime Environment (21.0.6+8) (build 21.0.6+8-LTS-188)
# Java VM: Java HotSpot(TM) 64-Bit Server VM (21.0.6+8-LTS-188, mixed mode, sharing, tiered, compressed oops, compressed class ptrs, g1 gc, windows-amd64)
GC Precious Log:
 CardTable entry size: 512
 Card Set container configuration: InlinePtr #cards 5 size 8 Array Of Cards #cards 12 size 40 Howl #buckets 4 coarsen threshold 1843 Howl Bitmap #cards 512 size 80 coarsen threshold 460 Card regions per heap region 1 cards per card region 2048
 CPUs: 12 total, 12 available
 Memory: 7875M
 Large Page Support: Disabled
 NUMA Support: Disabled
 Compressed Oops: Enabled (32-bit)
 Heap Region Size: 1M
 Heap Min Capacity: 8M
 Heap Initial Capacity: 124M
 Heap Max Capacity: 1970M
 Pre-touch: Disabled
 Parallel Workers: 10
 Concurrent Workers: 3
 Concurrent Refinement Workers: 10
 Periodic GC: Disabled
Heap:
 garbage-first heap   total 132096K, used 61457K [0x0000000084e00000, 0x0000000100000000)
  region size 1024K, 29 young (29696K), 9 survivors (9216K)
 Metaspace       used 84869K, committed 85696K, reserved 1179648K
  class space    used 10087K, committed 10432K, reserved 1048576K
GC Heap History (20 events):
Event: 6.520 GC heap before
{Heap before GC invocations=20 (full 0):
 garbage-first heap   total 103424K, used 83456K [0x0000000084e00000, 0x0000000100000000)
  region size 1024K, 60 young (61440K), 6 survivors (6144K)
 Metaspace       used 56084K, committed 56640K, reserved 1114112K
  class space    used 6519K, committed 6784K, reserved 1048576K
}
Event: 6.527 GC heap after
{Heap after GC invocations=21 (full 0):
 garbage-first heap   total 103424K, used 29336K [0x0000000084e00000, 0x0000000100000000)
  region size 1024K, 6 young (6144K), 6 survivors (6144K)
 Metaspace       used 56084K, committed 56640K, reserved 1114112K
  class space    used 6519K, committed 6784K, reserved 1048576K
}
Event: 6.877 GC heap before
{Heap before GC invocations=21 (full 0):
 garbage-first heap   total 103424K, used 84632K [0x0000000084e00000, 0x0000000100000000)
  region size 1024K, 60 young (61440K), 6 survivors (6144K)
 Metaspace       used 59034K, committed 59712K, reserved 1114112K
  class space    used 6817K, committed 7104K, reserved 1048576K
}
Event: 6.884 GC heap after
{Heap after GC invocations=22 (full 0):
 garbage-first heap   total 124928K, used 29548K [0x0000000084e00000, 0x0000000100000000)
  region size 1024K, 5 young (5120K), 5 survivors (5120K)
 Metaspace       used 59034K, committed 59712K, reserved 1114112K
  class space    used 6817K, committed 7104K, reserved 1048576K
}
Event: 6.962 GC heap before
{Heap before GC invocations=22 (full 0):
 garbage-first heap   total 124928K, used 44908K [0x0000000084e00000, 0x0000000100000000)
  region size 1024K, 22 young (22528K), 5 survivors (5120K)
 Metaspace       used 59486K, committed 60096K, reserved 1114112K
  class space    used 6874K, committed 7168K, reserved 1048576K
}
Event: 6.967 GC heap after
{Heap after GC invocations=23 (full 0):
 garbage-first heap   total 124928K, used 29969K [0x0000000084e00000, 0x0000000100000000)
  region size 1024K, 5 young (5120K), 5 survivors (5120K)
 Metaspace       used 59486K, committed 60096K, reserved 1114112K
  class space    used 6874K, committed 7168K, reserved 1048576K
}
Event: 7.290 GC heap before
{Heap before GC invocations=24 (full 0):
 garbage-first heap   total 109568K, used 89361K [0x0000000084e00000, 0x0000000100000000)
  region size 1024K, 64 young (65536K), 5 survivors (5120K)
 Metaspace       used 63856K, committed 64512K, reserved 1114112K
  class space    used 7573K, committed 7872K, reserved 1048576K
}
Event: 7.297 GC heap after
{Heap after GC invocations=25 (full 0):
 garbage-first heap   total 109568K, used 30506K [0x0000000084e00000, 0x0000000100000000)
  region size 1024K, 5 young (5120K), 5 survivors (5120K)
 Metaspace       used 63856K, committed 64512K, reserved 1114112K
  class space    used 7573K, committed 7872K, reserved 1048576K
}
Event: 7.636 GC heap before
{Heap before GC invocations=25 (full 0):
 garbage-first heap   total 109568K, used 90922K [0x0000000084e00000, 0x0000000100000000)
  region size 1024K, 64 young (65536K), 5 survivors (5120K)
 Metaspace       used 66781K, committed 67456K, reserved 1114112K
  class space    used 7951K, committed 8256K, reserved 1048576K
}
Event: 7.642 GC heap after
{Heap after GC invocations=26 (full 0):
 garbage-first heap   total 109568K, used 32314K [0x0000000084e00000, 0x0000000100000000)
  region size 1024K, 7 young (7168K), 7 survivors (7168K)
 Metaspace       used 66781K, committed 67456K, reserved 1114112K
  class space    used 7951K, committed 8256K, reserved 1048576K
}
Event: 8.004 GC heap before
{Heap before GC invocations=26 (full 0):
 garbage-first heap   total 109568K, used 90682K [0x0000000084e00000, 0x0000000100000000)
  region size 1024K, 64 young (65536K), 7 survivors (7168K)
 Metaspace       used 70068K, committed 70784K, reserved 1114112K
  class space    used 8335K, committed 8640K, reserved 1048576K
}
Event: 8.011 GC heap after
{Heap after GC invocations=27 (full 0):
 garbage-first heap   total 132096K, used 31739K [0x0000000084e00000, 0x0000000100000000)
  region size 1024K, 3 young (3072K), 3 survivors (3072K)
 Metaspace       used 70068K, committed 70784K, reserved 1114112K
  class space    used 8335K, committed 8640K, reserved 1048576K
}
Event: 8.584 GC heap before
{Heap before GC invocations=27 (full 0):
 garbage-first heap   total 132096K, used 107515K [0x0000000084e00000, 0x0000000100000000)
  region size 1024K, 77 young (78848K), 3 survivors (3072K)
 Metaspace       used 74305K, committed 74944K, reserved 1179648K
  class space    used 8811K, committed 9088K, reserved 1048576K
}
Event: 8.589 GC heap after
{Heap after GC invocations=28 (full 0):
 garbage-first heap   total 132096K, used 33615K [0x0000000084e00000, 0x0000000100000000)
  region size 1024K, 5 young (5120K), 5 survivors (5120K)
 Metaspace       used 74305K, committed 74944K, reserved 1179648K
  class space    used 8811K, committed 9088K, reserved 1048576K
}
Event: 10.065 GC heap before
{Heap before GC invocations=28 (full 0):
 garbage-first heap   total 132096K, used 107343K [0x0000000084e00000, 0x0000000100000000)
  region size 1024K, 77 young (78848K), 5 survivors (5120K)
 Metaspace       used 77744K, committed 78464K, reserved 1179648K
  class space    used 9226K, committed 9536K, reserved 1048576K
}
Event: 10.071 GC heap after
{Heap after GC invocations=29 (full 0):
 garbage-first heap   total 132096K, used 35839K [0x0000000084e00000, 0x0000000100000000)
  region size 1024K, 7 young (7168K), 7 survivors (7168K)
 Metaspace       used 77744K, committed 78464K, reserved 1179648K
  class space    used 9226K, committed 9536K, reserved 1048576K
}
Event: 11.624 GC heap before
{Heap before GC invocations=29 (full 0):
 garbage-first heap   total 132096K, used 107519K [0x0000000084e00000, 0x0000000100000000)
  region size 1024K, 77 young (78848K), 7 survivors (7168K)
 Metaspace       used 81314K, committed 82048K, reserved 1179648K
  class space    used 9692K, committed 9984K, reserved 1048576K
}
Event: 11.632 GC heap after
{Heap after GC invocations=30 (full 0):
 garbage-first heap   total 132096K, used 37681K [0x0000000084e00000, 0x0000000100000000)
  region size 1024K, 7 young (7168K), 7 survivors (7168K)
 Metaspace       used 81314K, committed 82048K, reserved 1179648K
  class space    used 9692K, committed 9984K, reserved 1048576K
}
Event: 17.416 GC heap before
{Heap before GC invocations=30 (full 0):
 garbage-first heap   total 132096K, used 109361K [0x0000000084e00000, 0x0000000100000000)
  region size 1024K, 77 young (78848K), 7 survivors (7168K)
 Metaspace       used 83926K, committed 84672K, reserved 1179648K
  class space    used 10007K, committed 10368K, reserved 1048576K
}
Event: 17.424 GC heap after
{Heap after GC invocations=31 (full 0):
 garbage-first heap   total 132096K, used 42001K [0x0000000084e00000, 0x0000000100000000)
  region size 1024K, 9 young (9216K), 9 survivors (9216K)
 Metaspace       used 83926K, committed 84672K, reserved 1179648K
  class space    used 10007K, committed 10368K, reserved 1048576K
}

