# JRE version: OpenJDK Runtime Environment Temurin-21.0.6+7 (21.0.6+7) (build 21.0.6+7-LTS)
# Java VM: OpenJDK 64-Bit Server VM Temurin-21.0.6+7 (21.0.6+7-LTS, mixed mode, sharing, tiered, compressed oops, compressed class ptrs, parallel gc, windows-amd64)
GC Precious Log:
 CardTable entry size: 512
 CPUs: 12 total, 12 available
 Memory: 7875M
 Large Page Support: Disabled
 NUMA Support: Disabled
 Compressed Oops: Enabled (32-bit)
 Alignments: Space 512K, Generation 512K, Heap 2M
 Heap Min Capacity: 100M
 Heap Initial Capacity: 100M
 Heap Max Capacity: 1G
 Pre-touch: Disabled
 Parallel Workers: 10
Heap:
 PSYoungGen      total 2560K, used 1910K [0x00000000eab00000, 0x00000000eb200000, 0x0000000100000000)
  eden space 1536K, 57% used [0x00000000eab00000,0x00000000eabdd8d8,0x00000000eac80000)
  from space 1024K, 100% used [0x00000000eac80000,0x00000000ead80000,0x00000000ead80000)
  to   space 2560K, 0% used [0x00000000eaf80000,0x00000000eaf80000,0x00000000eb200000)
 ParOldGen       total 461312K, used 461262K [0x00000000c0000000, 0x00000000dc280000, 0x00000000eab00000)
  object space 461312K, 99% used [0x00000000c0000000,0x00000000dc273a00,0x00000000dc280000)
 Metaspace       used 71387K, committed 72896K, reserved 1114112K
  class space    used 7330K, committed 8000K, reserved 1048576K
GC Heap History (20 events):
Event: 15.546 GC heap before
{Heap before GC invocations=463 (full 3):
 PSYoungGen      total 2560K, used 2191K [0x00000000eab00000, 0x00000000eaf00000, 0x0000000100000000)
  eden space 1024K, 100% used [0x00000000eab00000,0x00000000eac00000,0x00000000eac00000)
  from space 1536K, 75% used [0x00000000eac00000,0x00000000ead23d20,0x00000000ead80000)
  to   space 1536K, 0% used [0x00000000ead80000,0x00000000ead80000,0x00000000eaf00000)
 ParOldGen       total 452096K, used 451976K [0x00000000c0000000, 0x00000000db980000, 0x00000000eab00000)
  object space 452096K, 99% used [0x00000000c0000000,0x00000000db962360,0x00000000db980000)
 Metaspace       used 71362K, committed 72896K, reserved 1114112K
  class space    used 7328K, committed 8000K, reserved 1048576K
}
Event: 15.550 GC heap after
{Heap after GC invocations=463 (full 3):
 PSYoungGen      total 2560K, used 1179K [0x00000000eab00000, 0x00000000eaf00000, 0x0000000100000000)
  eden space 1024K, 0% used [0x00000000eab00000,0x00000000eab00000,0x00000000eac00000)
  from space 1536K, 76% used [0x00000000ead80000,0x00000000eaea6f70,0x00000000eaf00000)
  to   space 1536K, 0% used [0x00000000eac00000,0x00000000eac00000,0x00000000ead80000)
 ParOldGen       total 453120K, used 453025K [0x00000000c0000000, 0x00000000dba80000, 0x00000000eab00000)
  object space 453120K, 99% used [0x00000000c0000000,0x00000000dba685b8,0x00000000dba80000)
 Metaspace       used 71362K, committed 72896K, reserved 1114112K
  class space    used 7328K, committed 8000K, reserved 1048576K
}
Event: 15.568 GC heap before
{Heap before GC invocations=464 (full 3):
 PSYoungGen      total 2560K, used 2203K [0x00000000eab00000, 0x00000000eaf00000, 0x0000000100000000)
  eden space 1024K, 100% used [0x00000000eab00000,0x00000000eac00000,0x00000000eac00000)
  from space 1536K, 76% used [0x00000000ead80000,0x00000000eaea6f70,0x00000000eaf00000)
  to   space 1536K, 0% used [0x00000000eac00000,0x00000000eac00000,0x00000000ead80000)
 ParOldGen       total 454144K, used 453781K [0x00000000c0000000, 0x00000000dbb80000, 0x00000000eab00000)
  object space 454144K, 99% used [0x00000000c0000000,0x00000000dbb255b8,0x00000000dbb80000)
 Metaspace       used 71362K, committed 72896K, reserved 1114112K
  class space    used 7328K, committed 8000K, reserved 1048576K
}
Event: 15.571 GC heap after
{Heap after GC invocations=464 (full 3):
 PSYoungGen      total 2560K, used 1172K [0x00000000eab00000, 0x00000000eaf00000, 0x0000000100000000)
  eden space 1024K, 0% used [0x00000000eab00000,0x00000000eab00000,0x00000000eac00000)
  from space 1536K, 76% used [0x00000000eac00000,0x00000000ead25000,0x00000000ead80000)
  to   space 1536K, 0% used [0x00000000ead80000,0x00000000ead80000,0x00000000eaf00000)
 ParOldGen       total 455168K, used 454829K [0x00000000c0000000, 0x00000000dbc80000, 0x00000000eab00000)
  object space 455168K, 99% used [0x00000000c0000000,0x00000000dbc2b4b0,0x00000000dbc80000)
 Metaspace       used 71362K, committed 72896K, reserved 1114112K
  class space    used 7328K, committed 8000K, reserved 1048576K
}
Event: 15.622 GC heap before
{Heap before GC invocations=465 (full 3):
 PSYoungGen      total 2560K, used 2196K [0x00000000eab00000, 0x00000000eaf00000, 0x0000000100000000)
  eden space 1024K, 100% used [0x00000000eab00000,0x00000000eac00000,0x00000000eac00000)
  from space 1536K, 76% used [0x00000000eac00000,0x00000000ead25000,0x00000000ead80000)
  to   space 1536K, 0% used [0x00000000ead80000,0x00000000ead80000,0x00000000eaf00000)
 ParOldGen       total 455168K, used 454829K [0x00000000c0000000, 0x00000000dbc80000, 0x00000000eab00000)
  object space 455168K, 99% used [0x00000000c0000000,0x00000000dbc2b4b0,0x00000000dbc80000)
 Metaspace       used 71367K, committed 72896K, reserved 1114112K
  class space    used 7328K, committed 8000K, reserved 1048576K
}
Event: 15.627 GC heap after
{Heap after GC invocations=465 (full 3):
 PSYoungGen      total 2560K, used 960K [0x00000000eab00000, 0x00000000eaf00000, 0x0000000100000000)
  eden space 1024K, 0% used [0x00000000eab00000,0x00000000eab00000,0x00000000eac00000)
  from space 1536K, 62% used [0x00000000ead80000,0x00000000eae70000,0x00000000eaf00000)
  to   space 1536K, 0% used [0x00000000eac00000,0x00000000eac00000,0x00000000ead80000)
 ParOldGen       total 456192K, used 455887K [0x00000000c0000000, 0x00000000dbd80000, 0x00000000eab00000)
  object space 456192K, 99% used [0x00000000c0000000,0x00000000dbd33f58,0x00000000dbd80000)
 Metaspace       used 71367K, committed 72896K, reserved 1114112K
  class space    used 7328K, committed 8000K, reserved 1048576K
}
Event: 15.639 GC heap before
{Heap before GC invocations=466 (full 3):
 PSYoungGen      total 2560K, used 1971K [0x00000000eab00000, 0x00000000eaf00000, 0x0000000100000000)
  eden space 1024K, 98% used [0x00000000eab00000,0x00000000eabfcf80,0x00000000eac00000)
  from space 1536K, 62% used [0x00000000ead80000,0x00000000eae70000,0x00000000eaf00000)
  to   space 1536K, 0% used [0x00000000eac00000,0x00000000eac00000,0x00000000ead80000)
 ParOldGen       total 456192K, used 455887K [0x00000000c0000000, 0x00000000dbd80000, 0x00000000eab00000)
  object space 456192K, 99% used [0x00000000c0000000,0x00000000dbd33f58,0x00000000dbd80000)
 Metaspace       used 71367K, committed 72896K, reserved 1114112K
  class space    used 7328K, committed 8000K, reserved 1048576K
}
Event: 15.642 GC heap after
{Heap after GC invocations=466 (full 3):
 PSYoungGen      total 2048K, used 736K [0x00000000eab00000, 0x00000000eae00000, 0x0000000100000000)
  eden space 1024K, 0% used [0x00000000eab00000,0x00000000eab00000,0x00000000eac00000)
  from space 1024K, 71% used [0x00000000eac00000,0x00000000eacb8000,0x00000000ead00000)
  to   space 1024K, 0% used [0x00000000ead00000,0x00000000ead00000,0x00000000eae00000)
 ParOldGen       total 457216K, used 456742K [0x00000000c0000000, 0x00000000dbe80000, 0x00000000eab00000)
  object space 457216K, 99% used [0x00000000c0000000,0x00000000dbe09a00,0x00000000dbe80000)
 Metaspace       used 71367K, committed 72896K, reserved 1114112K
  class space    used 7328K, committed 8000K, reserved 1048576K
}
Event: 15.652 GC heap before
{Heap before GC invocations=467 (full 3):
 PSYoungGen      total 2048K, used 1760K [0x00000000eab00000, 0x00000000eae00000, 0x0000000100000000)
  eden space 1024K, 100% used [0x00000000eab00000,0x00000000eac00000,0x00000000eac00000)
  from space 1024K, 71% used [0x00000000eac00000,0x00000000eacb8000,0x00000000ead00000)
  to   space 1024K, 0% used [0x00000000ead00000,0x00000000ead00000,0x00000000eae00000)
 ParOldGen       total 457216K, used 456742K [0x00000000c0000000, 0x00000000dbe80000, 0x00000000eab00000)
  object space 457216K, 99% used [0x00000000c0000000,0x00000000dbe09a00,0x00000000dbe80000)
 Metaspace       used 71367K, committed 72896K, reserved 1114112K
  class space    used 7328K, committed 8000K, reserved 1048576K
}
Event: 15.655 GC heap after
{Heap after GC invocations=467 (full 3):
 PSYoungGen      total 2048K, used 800K [0x00000000eab00000, 0x00000000eae00000, 0x0000000100000000)
  eden space 1024K, 0% used [0x00000000eab00000,0x00000000eab00000,0x00000000eac00000)
  from space 1024K, 78% used [0x00000000ead00000,0x00000000eadc8000,0x00000000eae00000)
  to   space 1024K, 0% used [0x00000000eac00000,0x00000000eac00000,0x00000000ead00000)
 ParOldGen       total 457728K, used 457374K [0x00000000c0000000, 0x00000000dbf00000, 0x00000000eab00000)
  object space 457728K, 99% used [0x00000000c0000000,0x00000000dbea7a00,0x00000000dbf00000)
 Metaspace       used 71367K, committed 72896K, reserved 1114112K
  class space    used 7328K, committed 8000K, reserved 1048576K
}
Event: 15.669 GC heap before
{Heap before GC invocations=468 (full 3):
 PSYoungGen      total 2048K, used 1798K [0x00000000eab00000, 0x00000000eae00000, 0x0000000100000000)
  eden space 1024K, 97% used [0x00000000eab00000,0x00000000eabf9850,0x00000000eac00000)
  from space 1024K, 78% used [0x00000000ead00000,0x00000000eadc8000,0x00000000eae00000)
  to   space 1024K, 0% used [0x00000000eac00000,0x00000000eac00000,0x00000000ead00000)
 ParOldGen       total 457728K, used 457374K [0x00000000c0000000, 0x00000000dbf00000, 0x00000000eab00000)
  object space 457728K, 99% used [0x00000000c0000000,0x00000000dbea7a00,0x00000000dbf00000)
 Metaspace       used 71367K, committed 72896K, reserved 1114112K
  class space    used 7328K, committed 8000K, reserved 1048576K
}
Event: 15.671 GC heap after
{Heap after GC invocations=468 (full 3):
 PSYoungGen      total 2048K, used 704K [0x00000000eab00000, 0x00000000eae00000, 0x0000000100000000)
  eden space 1024K, 0% used [0x00000000eab00000,0x00000000eab00000,0x00000000eac00000)
  from space 1024K, 68% used [0x00000000eac00000,0x00000000eacb0000,0x00000000ead00000)
  to   space 1024K, 0% used [0x00000000ead00000,0x00000000ead00000,0x00000000eae00000)
 ParOldGen       total 458240K, used 458078K [0x00000000c0000000, 0x00000000dbf80000, 0x00000000eab00000)
  object space 458240K, 99% used [0x00000000c0000000,0x00000000dbf57a00,0x00000000dbf80000)
 Metaspace       used 71367K, committed 72896K, reserved 1114112K
  class space    used 7328K, committed 8000K, reserved 1048576K
}
Event: 15.776 GC heap before
{Heap before GC invocations=469 (full 3):
 PSYoungGen      total 2048K, used 1728K [0x00000000eab00000, 0x00000000eae00000, 0x0000000100000000)
  eden space 1024K, 100% used [0x00000000eab00000,0x00000000eac00000,0x00000000eac00000)
  from space 1024K, 68% used [0x00000000eac00000,0x00000000eacb0000,0x00000000ead00000)
  to   space 1024K, 0% used [0x00000000ead00000,0x00000000ead00000,0x00000000eae00000)
 ParOldGen       total 458240K, used 458078K [0x00000000c0000000, 0x00000000dbf80000, 0x00000000eab00000)
  object space 458240K, 99% used [0x00000000c0000000,0x00000000dbf57a00,0x00000000dbf80000)
 Metaspace       used 71367K, committed 72896K, reserved 1114112K
  class space    used 7328K, committed 8000K, reserved 1048576K
}
Event: 15.779 GC heap after
{Heap after GC invocations=469 (full 3):
 PSYoungGen      total 2048K, used 896K [0x00000000eab00000, 0x00000000eae00000, 0x0000000100000000)
  eden space 1024K, 0% used [0x00000000eab00000,0x00000000eab00000,0x00000000eac00000)
  from space 1024K, 87% used [0x00000000ead00000,0x00000000eade0000,0x00000000eae00000)
  to   space 1024K, 0% used [0x00000000eac00000,0x00000000eac00000,0x00000000ead00000)
 ParOldGen       total 458752K, used 458630K [0x00000000c0000000, 0x00000000dc000000, 0x00000000eab00000)
  object space 458752K, 99% used [0x00000000c0000000,0x00000000dbfe1a00,0x00000000dc000000)
 Metaspace       used 71367K, committed 72896K, reserved 1114112K
  class space    used 7328K, committed 8000K, reserved 1048576K
}
Event: 15.786 GC heap before
{Heap before GC invocations=470 (full 3):
 PSYoungGen      total 2048K, used 1920K [0x00000000eab00000, 0x00000000eae00000, 0x0000000100000000)
  eden space 1024K, 100% used [0x00000000eab00000,0x00000000eac00000,0x00000000eac00000)
  from space 1024K, 87% used [0x00000000ead00000,0x00000000eade0000,0x00000000eae00000)
  to   space 1024K, 0% used [0x00000000eac00000,0x00000000eac00000,0x00000000ead00000)
 ParOldGen       total 458752K, used 458630K [0x00000000c0000000, 0x00000000dc000000, 0x00000000eab00000)
  object space 458752K, 99% used [0x00000000c0000000,0x00000000dbfe1a00,0x00000000dc000000)
 Metaspace       used 71367K, committed 72896K, reserved 1114112K
  class space    used 7328K, committed 8000K, reserved 1048576K
}
Event: 16.801 GC heap after
{Heap after GC invocations=470 (full 3):
 PSYoungGen      total 2048K, used 960K [0x00000000eab00000, 0x00000000eae80000, 0x0000000100000000)
  eden space 1024K, 0% used [0x00000000eab00000,0x00000000eab00000,0x00000000eac00000)
  from space 1024K, 93% used [0x00000000eac00000,0x00000000eacf0000,0x00000000ead00000)
  to   space 1024K, 0% used [0x00000000ead80000,0x00000000ead80000,0x00000000eae80000)
 ParOldGen       total 459776K, used 459390K [0x00000000c0000000, 0x00000000dc100000, 0x00000000eab00000)
  object space 459776K, 99% used [0x00000000c0000000,0x00000000dc09fa00,0x00000000dc100000)
 Metaspace       used 71367K, committed 72896K, reserved 1114112K
  class space    used 7328K, committed 8000K, reserved 1048576K
}
Event: 17.061 GC heap before
{Heap before GC invocations=471 (full 3):
 PSYoungGen      total 2048K, used 1984K [0x00000000eab00000, 0x00000000eae80000, 0x0000000100000000)
  eden space 1024K, 100% used [0x00000000eab00000,0x00000000eac00000,0x00000000eac00000)
  from space 1024K, 93% used [0x00000000eac00000,0x00000000eacf0000,0x00000000ead00000)
  to   space 1024K, 0% used [0x00000000ead80000,0x00000000ead80000,0x00000000eae80000)
 ParOldGen       total 459776K, used 459390K [0x00000000c0000000, 0x00000000dc100000, 0x00000000eab00000)
  object space 459776K, 99% used [0x00000000c0000000,0x00000000dc09fa00,0x00000000dc100000)
 Metaspace       used 71368K, committed 72896K, reserved 1114112K
  class space    used 7328K, committed 8000K, reserved 1048576K
}
Event: 17.064 GC heap after
{Heap after GC invocations=471 (full 3):
 PSYoungGen      total 2560K, used 928K [0x00000000eab00000, 0x00000000eae80000, 0x0000000100000000)
  eden space 1536K, 0% used [0x00000000eab00000,0x00000000eab00000,0x00000000eac80000)
  from space 1024K, 90% used [0x00000000ead80000,0x00000000eae68000,0x00000000eae80000)
  to   space 1024K, 0% used [0x00000000eac80000,0x00000000eac80000,0x00000000ead80000)
 ParOldGen       total 460288K, used 460262K [0x00000000c0000000, 0x00000000dc180000, 0x00000000eab00000)
  object space 460288K, 99% used [0x00000000c0000000,0x00000000dc179a00,0x00000000dc180000)
 Metaspace       used 71368K, committed 72896K, reserved 1114112K
  class space    used 7328K, committed 8000K, reserved 1048576K
}
Event: 17.119 GC heap before
{Heap before GC invocations=472 (full 3):
 PSYoungGen      total 2560K, used 2404K [0x00000000eab00000, 0x00000000eae80000, 0x0000000100000000)
  eden space 1536K, 96% used [0x00000000eab00000,0x00000000eac71020,0x00000000eac80000)
  from space 1024K, 90% used [0x00000000ead80000,0x00000000eae68000,0x00000000eae80000)
  to   space 1024K, 0% used [0x00000000eac80000,0x00000000eac80000,0x00000000ead80000)
 ParOldGen       total 460288K, used 460262K [0x00000000c0000000, 0x00000000dc180000, 0x00000000eab00000)
  object space 460288K, 99% used [0x00000000c0000000,0x00000000dc179a00,0x00000000dc180000)
 Metaspace       used 71368K, committed 72896K, reserved 1114112K
  class space    used 7328K, committed 8000K, reserved 1048576K
}
Event: 17.123 GC heap after
{Heap after GC invocations=472 (full 3):
 PSYoungGen      total 2560K, used 1024K [0x00000000eab00000, 0x00000000eb200000, 0x0000000100000000)
  eden space 1536K, 0% used [0x00000000eab00000,0x00000000eab00000,0x00000000eac80000)
  from space 1024K, 100% used [0x00000000eac80000,0x00000000ead80000,0x00000000ead80000)
  to   space 2560K, 0% used [0x00000000eaf80000,0x00000000eaf80000,0x00000000eb200000)
 ParOldGen       total 461312K, used 461262K [0x00000000c0000000, 0x00000000dc280000, 0x00000000eab00000)
  object space 461312K, 99% used [0x00000000c0000000,0x00000000dc273a00,0x00000000dc280000)
 Metaspace       used 71368K, committed 72896K, reserved 1114112K
  class space    used 7328K, committed 8000K, reserved 1048576K
}

