# JRE version: OpenJDK Runtime Environment Temurin-21.0.6+7 (21.0.6+7) (build 21.0.6+7-LTS)
# Java VM: OpenJDK 64-Bit Server VM Temurin-21.0.6+7 (21.0.6+7-LTS, mixed mode, sharing, tiered, compressed oops, compressed class ptrs, parallel gc, windows-amd64)
GC Precious Log:
 CardTable entry size: 512
 CPUs: 12 total, 12 available
 Memory: 7875M
 Large Page Support: Disabled
 NUMA Support: Disabled
 Compressed Oops: Enabled (32-bit)
 Alignments: Space 512K, Generation 512K, Heap 2M
 Heap Min Capacity: 100M
 Heap Initial Capacity: 100M
 Heap Max Capacity: 1G
 Pre-touch: Disabled
 Parallel Workers: 10
Heap:
 PSYoungGen      total 20992K, used 17233K [0x00000000eab00000, 0x00000000ec300000, 0x0000000100000000)
  eden space 17408K, 80% used [0x00000000eab00000,0x00000000eb8b8628,0x00000000ebc00000)
  from space 3584K, 88% used [0x00000000ebc80000,0x00000000ebf9c158,0x00000000ec000000)
  to   space 3072K, 0% used [0x00000000ec000000,0x00000000ec000000,0x00000000ec300000)
 ParOldGen       total 77824K, used 77818K [0x00000000c0000000, 0x00000000c4c00000, 0x00000000eab00000)
  object space 77824K, 99% used [0x00000000c0000000,0x00000000c4bfeb48,0x00000000c4c00000)
 Metaspace       used 46154K, committed 47424K, reserved 1114112K
  class space    used 4795K, committed 5376K, reserved 1048576K
GC Heap History (20 events):
Event: 4.271 GC heap before
{Heap before GC invocations=26 (full 2):
 PSYoungGen      total 25088K, used 24656K [0x00000000eab00000, 0x00000000ec780000, 0x0000000100000000)
  eden space 20992K, 100% used [0x00000000eab00000,0x00000000ebf80000,0x00000000ebf80000)
  from space 4096K, 89% used [0x00000000ebf80000,0x00000000ec3143e8,0x00000000ec380000)
  to   space 4096K, 0% used [0x00000000ec380000,0x00000000ec380000,0x00000000ec780000)
 ParOldGen       total 68608K, used 43018K [0x00000000c0000000, 0x00000000c4300000, 0x00000000eab00000)
  object space 68608K, 62% used [0x00000000c0000000,0x00000000c2a02908,0x00000000c4300000)
 Metaspace       used 40749K, committed 41984K, reserved 1114112K
  class space    used 4170K, committed 4736K, reserved 1048576K
}
Event: 4.273 GC heap after
{Heap after GC invocations=26 (full 2):
 PSYoungGen      total 24576K, used 3475K [0x00000000eab00000, 0x00000000ec700000, 0x0000000100000000)
  eden space 20992K, 0% used [0x00000000eab00000,0x00000000eab00000,0x00000000ebf80000)
  from space 3584K, 96% used [0x00000000ec380000,0x00000000ec6e4c50,0x00000000ec700000)
  to   space 3584K, 0% used [0x00000000ec000000,0x00000000ec000000,0x00000000ec380000)
 ParOldGen       total 68608K, used 46225K [0x00000000c0000000, 0x00000000c4300000, 0x00000000eab00000)
  object space 68608K, 67% used [0x00000000c0000000,0x00000000c2d24788,0x00000000c4300000)
 Metaspace       used 40749K, committed 41984K, reserved 1114112K
  class space    used 4170K, committed 4736K, reserved 1048576K
}
Event: 4.316 GC heap before
{Heap before GC invocations=27 (full 2):
 PSYoungGen      total 24576K, used 24467K [0x00000000eab00000, 0x00000000ec700000, 0x0000000100000000)
  eden space 20992K, 100% used [0x00000000eab00000,0x00000000ebf80000,0x00000000ebf80000)
  from space 3584K, 96% used [0x00000000ec380000,0x00000000ec6e4c50,0x00000000ec700000)
  to   space 3584K, 0% used [0x00000000ec000000,0x00000000ec000000,0x00000000ec380000)
 ParOldGen       total 68608K, used 46225K [0x00000000c0000000, 0x00000000c4300000, 0x00000000eab00000)
  object space 68608K, 67% used [0x00000000c0000000,0x00000000c2d24788,0x00000000c4300000)
 Metaspace       used 41022K, committed 42240K, reserved 1114112K
  class space    used 4200K, committed 4736K, reserved 1048576K
}
Event: 4.320 GC heap after
{Heap after GC invocations=27 (full 2):
 PSYoungGen      total 24576K, used 3580K [0x00000000eab00000, 0x00000000ecf80000, 0x0000000100000000)
  eden space 20992K, 0% used [0x00000000eab00000,0x00000000eab00000,0x00000000ebf80000)
  from space 3584K, 99% used [0x00000000ec000000,0x00000000ec37f0c0,0x00000000ec380000)
  to   space 8192K, 0% used [0x00000000ec780000,0x00000000ec780000,0x00000000ecf80000)
 ParOldGen       total 68608K, used 49986K [0x00000000c0000000, 0x00000000c4300000, 0x00000000eab00000)
  object space 68608K, 72% used [0x00000000c0000000,0x00000000c30d0bd0,0x00000000c4300000)
 Metaspace       used 41022K, committed 42240K, reserved 1114112K
  class space    used 4200K, committed 4736K, reserved 1048576K
}
Event: 4.359 GC heap before
{Heap before GC invocations=28 (full 2):
 PSYoungGen      total 24576K, used 24572K [0x00000000eab00000, 0x00000000ecf80000, 0x0000000100000000)
  eden space 20992K, 100% used [0x00000000eab00000,0x00000000ebf80000,0x00000000ebf80000)
  from space 3584K, 99% used [0x00000000ec000000,0x00000000ec37f0c0,0x00000000ec380000)
  to   space 8192K, 0% used [0x00000000ec780000,0x00000000ec780000,0x00000000ecf80000)
 ParOldGen       total 68608K, used 49986K [0x00000000c0000000, 0x00000000c4300000, 0x00000000eab00000)
  object space 68608K, 72% used [0x00000000c0000000,0x00000000c30d0bd0,0x00000000c4300000)
 Metaspace       used 41403K, committed 42624K, reserved 1114112K
  class space    used 4256K, committed 4800K, reserved 1048576K
}
Event: 4.362 GC heap after
{Heap after GC invocations=28 (full 2):
 PSYoungGen      total 25088K, used 4048K [0x00000000eab00000, 0x00000000ecb80000, 0x0000000100000000)
  eden space 20992K, 0% used [0x00000000eab00000,0x00000000eab00000,0x00000000ebf80000)
  from space 4096K, 98% used [0x00000000ec780000,0x00000000ecb74320,0x00000000ecb80000)
  to   space 5632K, 0% used [0x00000000ec080000,0x00000000ec080000,0x00000000ec600000)
 ParOldGen       total 68608K, used 53363K [0x00000000c0000000, 0x00000000c4300000, 0x00000000eab00000)
  object space 68608K, 77% used [0x00000000c0000000,0x00000000c341cda0,0x00000000c4300000)
 Metaspace       used 41403K, committed 42624K, reserved 1114112K
  class space    used 4256K, committed 4800K, reserved 1048576K
}
Event: 4.397 GC heap before
{Heap before GC invocations=29 (full 2):
 PSYoungGen      total 25088K, used 25040K [0x00000000eab00000, 0x00000000ecb80000, 0x0000000100000000)
  eden space 20992K, 100% used [0x00000000eab00000,0x00000000ebf80000,0x00000000ebf80000)
  from space 4096K, 98% used [0x00000000ec780000,0x00000000ecb74320,0x00000000ecb80000)
  to   space 5632K, 0% used [0x00000000ec080000,0x00000000ec080000,0x00000000ec600000)
 ParOldGen       total 68608K, used 53363K [0x00000000c0000000, 0x00000000c4300000, 0x00000000eab00000)
  object space 68608K, 77% used [0x00000000c0000000,0x00000000c341cda0,0x00000000c4300000)
 Metaspace       used 41909K, committed 43200K, reserved 1114112K
  class space    used 4302K, committed 4864K, reserved 1048576K
}
Event: 4.400 GC heap after
{Heap after GC invocations=29 (full 2):
 PSYoungGen      total 25600K, used 4216K [0x00000000eab00000, 0x00000000ec880000, 0x0000000100000000)
  eden space 20992K, 0% used [0x00000000eab00000,0x00000000eab00000,0x00000000ebf80000)
  from space 4608K, 91% used [0x00000000ec080000,0x00000000ec49e2c0,0x00000000ec500000)
  to   space 3584K, 0% used [0x00000000ec500000,0x00000000ec500000,0x00000000ec880000)
 ParOldGen       total 68608K, used 57146K [0x00000000c0000000, 0x00000000c4300000, 0x00000000eab00000)
  object space 68608K, 83% used [0x00000000c0000000,0x00000000c37ce818,0x00000000c4300000)
 Metaspace       used 41909K, committed 43200K, reserved 1114112K
  class space    used 4302K, committed 4864K, reserved 1048576K
}
Event: 4.450 GC heap before
{Heap before GC invocations=30 (full 2):
 PSYoungGen      total 25600K, used 25208K [0x00000000eab00000, 0x00000000ec880000, 0x0000000100000000)
  eden space 20992K, 100% used [0x00000000eab00000,0x00000000ebf80000,0x00000000ebf80000)
  from space 4608K, 91% used [0x00000000ec080000,0x00000000ec49e2c0,0x00000000ec500000)
  to   space 3584K, 0% used [0x00000000ec500000,0x00000000ec500000,0x00000000ec880000)
 ParOldGen       total 68608K, used 57146K [0x00000000c0000000, 0x00000000c4300000, 0x00000000eab00000)
  object space 68608K, 83% used [0x00000000c0000000,0x00000000c37ce818,0x00000000c4300000)
 Metaspace       used 42763K, committed 43968K, reserved 1114112K
  class space    used 4380K, committed 4928K, reserved 1048576K
}
Event: 4.454 GC heap after
{Heap after GC invocations=30 (full 2):
 PSYoungGen      total 24576K, used 3578K [0x00000000eab00000, 0x00000000ec880000, 0x0000000100000000)
  eden space 20992K, 0% used [0x00000000eab00000,0x00000000eab00000,0x00000000ebf80000)
  from space 3584K, 99% used [0x00000000ec500000,0x00000000ec87e9a0,0x00000000ec880000)
  to   space 4096K, 0% used [0x00000000ec080000,0x00000000ec080000,0x00000000ec480000)
 ParOldGen       total 68608K, used 60968K [0x00000000c0000000, 0x00000000c4300000, 0x00000000eab00000)
  object space 68608K, 88% used [0x00000000c0000000,0x00000000c3b8a2f8,0x00000000c4300000)
 Metaspace       used 42763K, committed 43968K, reserved 1114112K
  class space    used 4380K, committed 4928K, reserved 1048576K
}
Event: 4.487 GC heap before
{Heap before GC invocations=31 (full 2):
 PSYoungGen      total 24576K, used 24570K [0x00000000eab00000, 0x00000000ec880000, 0x0000000100000000)
  eden space 20992K, 100% used [0x00000000eab00000,0x00000000ebf80000,0x00000000ebf80000)
  from space 3584K, 99% used [0x00000000ec500000,0x00000000ec87e9a0,0x00000000ec880000)
  to   space 4096K, 0% used [0x00000000ec080000,0x00000000ec080000,0x00000000ec480000)
 ParOldGen       total 68608K, used 60968K [0x00000000c0000000, 0x00000000c4300000, 0x00000000eab00000)
  object space 68608K, 88% used [0x00000000c0000000,0x00000000c3b8a2f8,0x00000000c4300000)
 Metaspace       used 43598K, committed 44800K, reserved 1114112K
  class space    used 4476K, committed 4992K, reserved 1048576K
}
Event: 4.491 GC heap after
{Heap after GC invocations=31 (full 2):
 PSYoungGen      total 24576K, used 3346K [0x00000000eab00000, 0x00000000ec680000, 0x0000000100000000)
  eden space 20992K, 0% used [0x00000000eab00000,0x00000000eab00000,0x00000000ebf80000)
  from space 3584K, 93% used [0x00000000ec080000,0x00000000ec3c4988,0x00000000ec400000)
  to   space 2560K, 0% used [0x00000000ec400000,0x00000000ec400000,0x00000000ec680000)
 ParOldGen       total 68608K, used 64263K [0x00000000c0000000, 0x00000000c4300000, 0x00000000eab00000)
  object space 68608K, 93% used [0x00000000c0000000,0x00000000c3ec1f80,0x00000000c4300000)
 Metaspace       used 43598K, committed 44800K, reserved 1114112K
  class space    used 4476K, committed 4992K, reserved 1048576K
}
Event: 4.557 GC heap before
{Heap before GC invocations=32 (full 2):
 PSYoungGen      total 24576K, used 24338K [0x00000000eab00000, 0x00000000ec680000, 0x0000000100000000)
  eden space 20992K, 100% used [0x00000000eab00000,0x00000000ebf80000,0x00000000ebf80000)
  from space 3584K, 93% used [0x00000000ec080000,0x00000000ec3c4988,0x00000000ec400000)
  to   space 2560K, 0% used [0x00000000ec400000,0x00000000ec400000,0x00000000ec680000)
 ParOldGen       total 68608K, used 64263K [0x00000000c0000000, 0x00000000c4300000, 0x00000000eab00000)
  object space 68608K, 93% used [0x00000000c0000000,0x00000000c3ec1f80,0x00000000c4300000)
 Metaspace       used 44407K, committed 45632K, reserved 1114112K
  class space    used 4566K, committed 5120K, reserved 1048576K
}
Event: 4.560 GC heap after
{Heap after GC invocations=32 (full 2):
 PSYoungGen      total 19968K, used 2540K [0x00000000eab00000, 0x00000000ecf80000, 0x0000000100000000)
  eden space 17408K, 0% used [0x00000000eab00000,0x00000000eab00000,0x00000000ebc00000)
  from space 2560K, 99% used [0x00000000ec400000,0x00000000ec67b028,0x00000000ec680000)
  to   space 8192K, 0% used [0x00000000ebc00000,0x00000000ebc00000,0x00000000ec400000)
 ParOldGen       total 69120K, used 68997K [0x00000000c0000000, 0x00000000c4380000, 0x00000000eab00000)
  object space 69120K, 99% used [0x00000000c0000000,0x00000000c4361630,0x00000000c4380000)
 Metaspace       used 44407K, committed 45632K, reserved 1114112K
  class space    used 4566K, committed 5120K, reserved 1048576K
}
Event: 4.600 GC heap before
{Heap before GC invocations=33 (full 2):
 PSYoungGen      total 19968K, used 19948K [0x00000000eab00000, 0x00000000ecf80000, 0x0000000100000000)
  eden space 17408K, 100% used [0x00000000eab00000,0x00000000ebc00000,0x00000000ebc00000)
  from space 2560K, 99% used [0x00000000ec400000,0x00000000ec67b028,0x00000000ec680000)
  to   space 8192K, 0% used [0x00000000ebc00000,0x00000000ebc00000,0x00000000ec400000)
 ParOldGen       total 69120K, used 68997K [0x00000000c0000000, 0x00000000c4380000, 0x00000000eab00000)
  object space 69120K, 99% used [0x00000000c0000000,0x00000000c4361630,0x00000000c4380000)
 Metaspace       used 44931K, committed 46144K, reserved 1114112K
  class space    used 4633K, committed 5184K, reserved 1048576K
}
Event: 4.604 GC heap after
{Heap after GC invocations=33 (full 2):
 PSYoungGen      total 20992K, used 3479K [0x00000000eab00000, 0x00000000ec600000, 0x0000000100000000)
  eden space 17408K, 0% used [0x00000000eab00000,0x00000000eab00000,0x00000000ebc00000)
  from space 3584K, 97% used [0x00000000ebc00000,0x00000000ebf65f68,0x00000000ebf80000)
  to   space 5120K, 0% used [0x00000000ec100000,0x00000000ec100000,0x00000000ec600000)
 ParOldGen       total 71680K, used 71536K [0x00000000c0000000, 0x00000000c4600000, 0x00000000eab00000)
  object space 71680K, 99% used [0x00000000c0000000,0x00000000c45dc098,0x00000000c4600000)
 Metaspace       used 44931K, committed 46144K, reserved 1114112K
  class space    used 4633K, committed 5184K, reserved 1048576K
}
Event: 4.658 GC heap before
{Heap before GC invocations=34 (full 2):
 PSYoungGen      total 20992K, used 20887K [0x00000000eab00000, 0x00000000ec600000, 0x0000000100000000)
  eden space 17408K, 100% used [0x00000000eab00000,0x00000000ebc00000,0x00000000ebc00000)
  from space 3584K, 97% used [0x00000000ebc00000,0x00000000ebf65f68,0x00000000ebf80000)
  to   space 5120K, 0% used [0x00000000ec100000,0x00000000ec100000,0x00000000ec600000)
 ParOldGen       total 71680K, used 71536K [0x00000000c0000000, 0x00000000c4600000, 0x00000000eab00000)
  object space 71680K, 99% used [0x00000000c0000000,0x00000000c45dc098,0x00000000c4600000)
 Metaspace       used 45372K, committed 46592K, reserved 1114112K
  class space    used 4682K, committed 5248K, reserved 1048576K
}
Event: 4.660 GC heap after
{Heap after GC invocations=34 (full 2):
 PSYoungGen      total 20992K, used 3367K [0x00000000eab00000, 0x00000000ec480000, 0x0000000100000000)
  eden space 17408K, 0% used [0x00000000eab00000,0x00000000eab00000,0x00000000ebc00000)
  from space 3584K, 93% used [0x00000000ec100000,0x00000000ec449cc0,0x00000000ec480000)
  to   space 4096K, 0% used [0x00000000ebc80000,0x00000000ebc80000,0x00000000ec080000)
 ParOldGen       total 74752K, used 74740K [0x00000000c0000000, 0x00000000c4900000, 0x00000000eab00000)
  object space 74752K, 99% used [0x00000000c0000000,0x00000000c48fd300,0x00000000c4900000)
 Metaspace       used 45372K, committed 46592K, reserved 1114112K
  class space    used 4682K, committed 5248K, reserved 1048576K
}
Event: 4.716 GC heap before
{Heap before GC invocations=35 (full 2):
 PSYoungGen      total 20992K, used 20775K [0x00000000eab00000, 0x00000000ec480000, 0x0000000100000000)
  eden space 17408K, 100% used [0x00000000eab00000,0x00000000ebc00000,0x00000000ebc00000)
  from space 3584K, 93% used [0x00000000ec100000,0x00000000ec449cc0,0x00000000ec480000)
  to   space 4096K, 0% used [0x00000000ebc80000,0x00000000ebc80000,0x00000000ec080000)
 ParOldGen       total 74752K, used 74740K [0x00000000c0000000, 0x00000000c4900000, 0x00000000eab00000)
  object space 74752K, 99% used [0x00000000c0000000,0x00000000c48fd300,0x00000000c4900000)
 Metaspace       used 45970K, committed 47168K, reserved 1114112K
  class space    used 4766K, committed 5312K, reserved 1048576K
}
Event: 4.719 GC heap after
{Heap after GC invocations=35 (full 2):
 PSYoungGen      total 20992K, used 3184K [0x00000000eab00000, 0x00000000ec300000, 0x0000000100000000)
  eden space 17408K, 0% used [0x00000000eab00000,0x00000000eab00000,0x00000000ebc00000)
  from space 3584K, 88% used [0x00000000ebc80000,0x00000000ebf9c158,0x00000000ec000000)
  to   space 3072K, 0% used [0x00000000ec000000,0x00000000ec000000,0x00000000ec300000)
 ParOldGen       total 77824K, used 77818K [0x00000000c0000000, 0x00000000c4c00000, 0x00000000eab00000)
  object space 77824K, 99% used [0x00000000c0000000,0x00000000c4bfeb48,0x00000000c4c00000)
 Metaspace       used 45970K, committed 47168K, reserved 1114112K
  class space    used 4766K, committed 5312K, reserved 1048576K
}

